May 10, 2022 12:50:27 PM HCBplugins.jira.customfields.LoggerUtils initializeLogger
INFO: logger fileHandler creation success
May 10, 2022 12:50:27 PM HCBplugins.jira.customfields.LoggerUtils initializeLogger
INFO: started log....
May 10, 2022 12:50:27 PM HCBplugins.jira.customfields.MultiSelect2CFType <init>
SEVERE: starting MultiSelect2 instance construction
May 10, 2022 12:56:11 PM HCBplugins.jira.customfields.LoggerUtils initializeLogger
INFO: logger fileHandler creation success
May 10, 2022 12:56:11 PM HCBplugins.jira.customfields.LoggerUtils initializeLogger
INFO: started log....
May 10, 2022 12:56:11 PM HCBplugins.jira.customfields.MultiSelect2CFType <init>
SEVERE: starting MultiSelect2 instance construction
May 10, 2022 1:37:07 PM HCBplugins.jira.customfields.LoggerUtils initializeLogger
INFO: logger fileHandler creation success
May 10, 2022 1:37:07 PM HCBplugins.jira.customfields.LoggerUtils initializeLogger
INFO: started log....
May 10, 2022 1:37:07 PM HCBplugins.jira.customfields.MultiSelect2CFType <init>
WARNING: testing WARNING log level message output
May 10, 2022 1:37:07 PM HCBplugins.jira.customfields.MultiSelect2CFType <init>
INFO: starting MultiSelect2 instance construction
May 10, 2022 1:39:09 PM HCBplugins.jira.customfields.LoggerUtils initializeLogger
INFO: logger fileHandler creation success
May 10, 2022 1:39:09 PM HCBplugins.jira.customfields.LoggerUtils initializeLogger
INFO: started log....
May 10, 2022 1:39:09 PM HCBplugins.jira.customfields.MultiSelect2CFType <init>
WARNING: testing WARNING log level message output
May 10, 2022 1:39:09 PM HCBplugins.jira.customfields.MultiSelect2CFType <init>
INFO: starting MultiSelect2 instance construction
May 10, 2022 1:52:50 PM HCBplugins.jira.customfields.LoggerUtils initializeLogger
INFO: logger fileHandler creation success
May 10, 2022 1:52:50 PM HCBplugins.jira.customfields.LoggerUtils initializeLogger
INFO: started log....
May 10, 2022 1:52:50 PM HCBplugins.jira.customfields.MultiSelect2CFType <init>
WARNING: testing WARNING log level message output
May 10, 2022 1:52:50 PM HCBplugins.jira.customfields.MultiSelect2CFType <init>
INFO: starting MultiSelect2 instance construction
May 10, 2022 1:52:50 PM HCBplugins.jira.customfields.MultiSelect2CFType <init>
INFO: closing logger's CfAuiSelect2Logger handlers
May 10, 2022 1:53:08 PM HCBplugins.jira.customfields.LoggerUtils initializeLogger
INFO: logger fileHandler creation success
May 10, 2022 1:53:08 PM HCBplugins.jira.customfields.LoggerUtils initializeLogger
INFO: started log....
May 10, 2022 1:53:08 PM HCBplugins.jira.customfields.MultiSelect2CFType <init>
WARNING: testing WARNING log level message output
May 10, 2022 1:53:08 PM HCBplugins.jira.customfields.MultiSelect2CFType <init>
INFO: starting MultiSelect2 instance construction
May 10, 2022 1:53:08 PM HCBplugins.jira.customfields.MultiSelect2CFType <init>
INFO: closing logger's CfAuiSelect2Logger handlers
May 10, 2022 1:58:37 PM HCBplugins.jira.customfields.LoggerUtils initializeLogger
INFO: logger fileHandler creation success
May 10, 2022 1:58:37 PM HCBplugins.jira.customfields.LoggerUtils initializeLogger
INFO: started log....
May 10, 2022 1:58:37 PM HCBplugins.jira.customfields.MultiSelect2CFType <init>
WARNING: testing WARNING log level message output
May 10, 2022 1:58:37 PM HCBplugins.jira.customfields.MultiSelect2CFType <init>
INFO: starting MultiSelect2 instance construction
May 10, 2022 1:58:37 PM HCBplugins.jira.customfields.MultiSelect2CFType <init>
INFO: closing logger's CfAuiSelect2Logger handlers
May 10, 2022 1:59:02 PM HCBplugins.jira.customfields.LoggerUtils initializeLogger
INFO: logger fileHandler creation success
May 10, 2022 1:59:02 PM HCBplugins.jira.customfields.LoggerUtils initializeLogger
INFO: started log....
May 10, 2022 1:59:02 PM HCBplugins.jira.customfields.MultiSelect2CFType <init>
WARNING: testing WARNING log level message output
May 10, 2022 1:59:02 PM HCBplugins.jira.customfields.MultiSelect2CFType <init>
INFO: starting MultiSelect2 instance construction
May 10, 2022 1:59:02 PM HCBplugins.jira.customfields.MultiSelect2CFType <init>
INFO: closing logger's CfAuiSelect2Logger handlers
May 10, 2022 2:09:44 PM HCBplugins.jira.customfields.LoggerUtils initializeLogger
INFO: logger fileHandler creation success
May 10, 2022 2:09:44 PM HCBplugins.jira.customfields.LoggerUtils initializeLogger
INFO: started log....
May 10, 2022 2:09:44 PM HCBplugins.jira.customfields.MultiSelect2CFType <init>
WARNING: testing WARNING log level message output
May 10, 2022 2:09:44 PM HCBplugins.jira.customfields.MultiSelect2CFType <init>
INFO: starting MultiSelect2 instance construction
May 10, 2022 2:09:44 PM HCBplugins.jira.customfields.MultiSelect2CFType <init>
INFO: closing logger's CfAuiSelect2Logger handlers
May 10, 2022 2:10:06 PM HCBplugins.jira.customfields.LoggerUtils initializeLogger
INFO: logger fileHandler creation success
May 10, 2022 2:10:06 PM HCBplugins.jira.customfields.LoggerUtils initializeLogger
INFO: started log....
May 10, 2022 2:10:06 PM HCBplugins.jira.customfields.MultiSelect2CFType <init>
WARNING: testing WARNING log level message output
May 10, 2022 2:10:06 PM HCBplugins.jira.customfields.MultiSelect2CFType <init>
INFO: starting MultiSelect2 instance construction
May 10, 2022 2:10:06 PM HCBplugins.jira.customfields.MultiSelect2CFType <init>
INFO: closing logger's CfAuiSelect2Logger handlers
May 10, 2022 4:12:57 PM HCBplugins.jira.customfields.LoggerUtils initializeLogger
INFO: logger fileHandler creation success
May 10, 2022 4:12:57 PM HCBplugins.jira.customfields.LoggerUtils initializeLogger
INFO: started log....
May 10, 2022 4:12:57 PM HCBplugins.jira.customfields.MultiSelect2CFType <init>
WARNING: testing WARNING log level message output
May 10, 2022 4:12:57 PM HCBplugins.jira.customfields.MultiSelect2CFType <init>
INFO: starting MultiSelect2 instance construction
May 10, 2022 4:12:57 PM HCBplugins.jira.customfields.MultiSelect2CFType <init>
INFO: closing logger's CfAuiSelect2Logger handlers
May 10, 2022 4:14:29 PM HCBplugins.jira.customfields.LoggerUtils initializeLogger
INFO: logger fileHandler creation success
May 10, 2022 4:14:29 PM HCBplugins.jira.customfields.LoggerUtils initializeLogger
INFO: started log....
May 10, 2022 4:14:29 PM HCBplugins.jira.customfields.MultiSelect2CFType <init>
WARNING: testing WARNING log level message output
May 10, 2022 4:14:29 PM HCBplugins.jira.customfields.MultiSelect2CFType <init>
INFO: starting MultiSelect2 instance construction
May 10, 2022 4:14:29 PM HCBplugins.jira.customfields.MultiSelect2CFType <init>
INFO: closing logger's CfAuiSelect2Logger handlers
May 10, 2022 4:27:53 PM HCBplugins.jira.customfields.LoggerUtils initializeLogger
INFO: logger fileHandler creation success
May 10, 2022 4:27:53 PM HCBplugins.jira.customfields.LoggerUtils initializeLogger
INFO: started log....
May 10, 2022 4:27:53 PM HCBplugins.jira.customfields.MultiSelect2CFType <init>
WARNING: testing WARNING log level message output
May 10, 2022 4:27:53 PM HCBplugins.jira.customfields.MultiSelect2CFType <init>
INFO: starting MultiSelect2 instance construction
May 10, 2022 4:27:53 PM HCBplugins.jira.customfields.MultiSelect2CFType <init>
INFO: closing logger's CfAuiSelect2Logger handlers
May 10, 2022 4:47:09 PM HCBplugins.jira.customfields.LoggerUtils initializeLogger
INFO: logger fileHandler creation success
May 10, 2022 4:47:09 PM HCBplugins.jira.customfields.LoggerUtils initializeLogger
INFO: started log....
May 10, 2022 4:47:09 PM HCBplugins.jira.customfields.MultiSelect2CFType <init>
WARNING: testing WARNING log level message output
May 10, 2022 4:47:09 PM HCBplugins.jira.customfields.MultiSelect2CFType <init>
INFO: starting MultiSelect2 instance construction
May 10, 2022 4:47:09 PM HCBplugins.jira.customfields.MultiSelect2CFType <init>
INFO: closing logger's CfAuiSelect2Logger handlers
May 10, 2022 4:51:42 PM HCBplugins.jira.customfields.LoggerUtils initializeLogger
INFO: logger fileHandler creation success
May 10, 2022 4:51:42 PM HCBplugins.jira.customfields.LoggerUtils initializeLogger
INFO: started log....
May 10, 2022 4:51:42 PM HCBplugins.jira.customfields.MultiSelect2CFType <init>
WARNING: testing WARNING log level message output
May 10, 2022 4:51:42 PM HCBplugins.jira.customfields.MultiSelect2CFType <init>
INFO: starting MultiSelect2 instance construction
May 10, 2022 4:51:42 PM HCBplugins.jira.customfields.MultiSelect2CFType <init>
INFO: closing logger's CfAuiSelect2Logger handlers
May 10, 2022 5:07:50 PM HCBplugins.jira.customfields.LoggerUtils initializeLogger
INFO: logger fileHandler creation success
May 10, 2022 5:07:50 PM HCBplugins.jira.customfields.LoggerUtils initializeLogger
INFO: started log....
May 10, 2022 5:07:50 PM HCBplugins.jira.customfields.MultiSelect2CFType <init>
WARNING: testing WARNING log level message output
May 10, 2022 5:07:50 PM HCBplugins.jira.customfields.MultiSelect2CFType <init>
INFO: starting MultiSelect2 instance construction
May 10, 2022 5:07:50 PM HCBplugins.jira.customfields.MultiSelect2CFType <init>
INFO: closing logger's CfAuiSelect2Logger handlers
May 10, 2022 6:07:10 PM HCBplugins.jira.customfields.LoggerUtils initializeLogger
INFO: logger fileHandler creation success
May 10, 2022 6:07:10 PM HCBplugins.jira.customfields.LoggerUtils initializeLogger
INFO: started log....
May 10, 2022 6:07:10 PM HCBplugins.jira.customfields.MultiSelect2CFType <init>
WARNING: testing WARNING log level message output
May 10, 2022 6:07:10 PM HCBplugins.jira.customfields.MultiSelect2CFType <init>
INFO: starting MultiSelect2 instance construction
May 10, 2022 6:07:10 PM HCBplugins.jira.customfields.MultiSelect2CFType <init>
INFO: closing logger's CfAuiSelect2Logger handlers
May 10, 2022 6:07:26 PM HCBplugins.jira.customfields.LoggerUtils initializeLogger
INFO: logger fileHandler creation success
May 10, 2022 6:07:26 PM HCBplugins.jira.customfields.LoggerUtils initializeLogger
INFO: started log....
May 10, 2022 6:07:26 PM HCBplugins.jira.customfields.MultiSelect2CFType <init>
WARNING: testing WARNING log level message output
May 10, 2022 6:07:26 PM HCBplugins.jira.customfields.MultiSelect2CFType <init>
INFO: starting MultiSelect2 instance construction
May 10, 2022 6:07:26 PM HCBplugins.jira.customfields.MultiSelect2CFType <init>
INFO: closing logger's CfAuiSelect2Logger handlers
May 10, 2022 6:17:37 PM HCBplugins.jira.customfields.LoggerUtils initializeLogger
INFO: logger fileHandler creation success
May 10, 2022 6:17:37 PM HCBplugins.jira.customfields.LoggerUtils initializeLogger
INFO: started log....
May 10, 2022 6:17:37 PM HCBplugins.jira.customfields.MultiSelect2CFType <init>
WARNING: testing WARNING log level message output
May 10, 2022 6:17:37 PM HCBplugins.jira.customfields.MultiSelect2CFType <init>
INFO: starting MultiSelect2 instance construction
May 10, 2022 6:17:37 PM HCBplugins.jira.customfields.MultiSelect2CFType <init>
INFO: closing logger's CfAuiSelect2Logger handlers
May 10, 2022 6:17:53 PM HCBplugins.jira.customfields.LoggerUtils initializeLogger
INFO: logger fileHandler creation success
May 10, 2022 6:17:53 PM HCBplugins.jira.customfields.LoggerUtils initializeLogger
INFO: started log....
May 10, 2022 6:17:53 PM HCBplugins.jira.customfields.MultiSelect2CFType <init>
WARNING: testing WARNING log level message output
May 10, 2022 6:17:53 PM HCBplugins.jira.customfields.MultiSelect2CFType <init>
INFO: starting MultiSelect2 instance construction
May 10, 2022 6:17:54 PM HCBplugins.jira.customfields.MultiSelect2CFType <init>
INFO: closing logger's CfAuiSelect2Logger handlers
May 10, 2022 6:23:14 PM HCBplugins.jira.customfields.LoggerUtils initializeLogger
INFO: logger fileHandler creation success
May 10, 2022 6:23:14 PM HCBplugins.jira.customfields.LoggerUtils initializeLogger
INFO: started log....
May 10, 2022 6:23:14 PM HCBplugins.jira.customfields.MultiSelect2CFType <init>
WARNING: testing WARNING log level message output
May 10, 2022 6:23:14 PM HCBplugins.jira.customfields.MultiSelect2CFType <init>
INFO: starting MultiSelect2 instance construction
May 10, 2022 6:23:14 PM HCBplugins.jira.customfields.MultiSelect2CFType <init>
INFO: closing logger's CfAuiSelect2Logger handlers
May 10, 2022 6:25:00 PM HCBplugins.jira.customfields.LoggerUtils initializeLogger
INFO: logger fileHandler creation success
May 10, 2022 6:25:00 PM HCBplugins.jira.customfields.LoggerUtils initializeLogger
INFO: started log....
May 10, 2022 6:25:00 PM HCBplugins.jira.customfields.MultiSelect2CFType <init>
WARNING: testing WARNING log level message output
May 10, 2022 6:25:00 PM HCBplugins.jira.customfields.MultiSelect2CFType <init>
INFO: starting MultiSelect2 instance construction
May 10, 2022 6:25:00 PM HCBplugins.jira.customfields.MultiSelect2CFType <init>
INFO: closing logger's CfAuiSelect2Logger handlers
May 10, 2022 6:27:48 PM HCBplugins.jira.customfields.LoggerUtils initializeLogger
INFO: logger fileHandler creation success
May 10, 2022 6:27:48 PM HCBplugins.jira.customfields.LoggerUtils initializeLogger
INFO: started log....
May 10, 2022 6:27:48 PM HCBplugins.jira.customfields.MultiSelect2CFType <init>
WARNING: testing WARNING log level message output
May 10, 2022 6:27:48 PM HCBplugins.jira.customfields.MultiSelect2CFType <init>
INFO: starting MultiSelect2 instance construction
May 10, 2022 6:27:48 PM HCBplugins.jira.customfields.MultiSelect2CFType <init>
INFO: closing logger's CfAuiSelect2Logger handlers
May 10, 2022 6:29:16 PM HCBplugins.jira.customfields.LoggerUtils initializeLogger
INFO: logger fileHandler creation success
May 10, 2022 6:29:16 PM HCBplugins.jira.customfields.LoggerUtils initializeLogger
INFO: started log....
May 10, 2022 6:29:16 PM HCBplugins.jira.customfields.MultiSelect2CFType <init>
WARNING: testing WARNING log level message output
May 10, 2022 6:29:16 PM HCBplugins.jira.customfields.MultiSelect2CFType <init>
INFO: starting MultiSelect2 instance construction
May 10, 2022 6:29:16 PM HCBplugins.jira.customfields.MultiSelect2CFType <init>
INFO: closing logger's CfAuiSelect2Logger handlers
May 10, 2022 6:35:17 PM HCBplugins.jira.customfields.LoggerUtils initializeLogger
INFO: logger fileHandler creation success
May 10, 2022 6:35:17 PM HCBplugins.jira.customfields.LoggerUtils initializeLogger
INFO: started log....
May 10, 2022 6:35:17 PM HCBplugins.jira.customfields.MultiSelect2CFType <init>
WARNING: testing WARNING log level message output
May 10, 2022 6:35:17 PM HCBplugins.jira.customfields.MultiSelect2CFType <init>
INFO: starting MultiSelect2 instance construction
May 10, 2022 6:35:17 PM HCBplugins.jira.customfields.MultiSelect2CFType <init>
INFO: closing logger's CfAuiSelect2Logger handlers
May 10, 2022 6:35:41 PM HCBplugins.jira.customfields.LoggerUtils initializeLogger
INFO: logger fileHandler creation success
May 10, 2022 6:35:41 PM HCBplugins.jira.customfields.LoggerUtils initializeLogger
INFO: started log....
May 10, 2022 6:35:41 PM HCBplugins.jira.customfields.MultiSelect2CFType <init>
WARNING: testing WARNING log level message output
May 10, 2022 6:35:41 PM HCBplugins.jira.customfields.MultiSelect2CFType <init>
INFO: starting MultiSelect2 instance construction
May 10, 2022 6:35:41 PM HCBplugins.jira.customfields.MultiSelect2CFType <init>
INFO: closing logger's CfAuiSelect2Logger handlers
May 10, 2022 6:42:30 PM HCBplugins.jira.customfields.LoggerUtils initializeLogger
INFO: logger fileHandler creation success
May 10, 2022 6:42:30 PM HCBplugins.jira.customfields.LoggerUtils initializeLogger
INFO: started log....
May 10, 2022 6:42:30 PM HCBplugins.jira.customfields.MultiSelect2CFType <init>
WARNING: testing WARNING log level message output
May 10, 2022 6:42:30 PM HCBplugins.jira.customfields.MultiSelect2CFType <init>
INFO: starting MultiSelect2 instance construction
May 10, 2022 6:42:30 PM HCBplugins.jira.customfields.MultiSelect2CFType <init>
INFO: closing logger's CfAuiSelect2Logger handlers
May 10, 2022 6:42:56 PM HCBplugins.jira.customfields.LoggerUtils initializeLogger
INFO: logger fileHandler creation success
May 10, 2022 6:42:56 PM HCBplugins.jira.customfields.LoggerUtils initializeLogger
INFO: started log....
May 10, 2022 6:42:56 PM HCBplugins.jira.customfields.MultiSelect2CFType <init>
WARNING: testing WARNING log level message output
May 10, 2022 6:42:57 PM HCBplugins.jira.customfields.MultiSelect2CFType <init>
INFO: starting MultiSelect2 instance construction
May 10, 2022 6:42:57 PM HCBplugins.jira.customfields.MultiSelect2CFType <init>
INFO: closing logger's CfAuiSelect2Logger handlers
May 10, 2022 7:27:30 PM HCBplugins.jira.customfields.LoggerUtils initializeLogger
INFO: logger fileHandler creation success
May 10, 2022 7:27:30 PM HCBplugins.jira.customfields.LoggerUtils initializeLogger
INFO: started log....
May 10, 2022 7:27:30 PM HCBplugins.jira.customfields.MultiSelect2CFType <init>
WARNING: testing WARNING log level message output
May 10, 2022 7:27:30 PM HCBplugins.jira.customfields.MultiSelect2CFType <init>
INFO: starting MultiSelect2 instance construction
May 10, 2022 7:27:30 PM HCBplugins.jira.customfields.MultiSelect2CFType <init>
INFO: closing logger's CfAuiSelect2Logger handlers
May 10, 2022 7:27:38 PM HCBplugins.jira.customfields.LoggerUtils initializeLogger
INFO: logger fileHandler creation success
May 10, 2022 7:27:38 PM HCBplugins.jira.customfields.LoggerUtils initializeLogger
INFO: started log....
May 10, 2022 7:27:38 PM HCBplugins.jira.customfields.MultiSelect2CFType <init>
WARNING: testing WARNING log level message output
May 10, 2022 7:27:39 PM HCBplugins.jira.customfields.MultiSelect2CFType <init>
INFO: starting MultiSelect2 instance construction
May 10, 2022 7:27:39 PM HCBplugins.jira.customfields.MultiSelect2CFType <init>
INFO: closing logger's CfAuiSelect2Logger handlers
May 10, 2022 7:32:29 PM HCBplugins.jira.customfields.LoggerUtils initializeLogger
INFO: logger fileHandler creation success
May 10, 2022 7:32:29 PM HCBplugins.jira.customfields.LoggerUtils initializeLogger
INFO: started log....
May 10, 2022 7:32:29 PM HCBplugins.jira.customfields.MultiSelect2CFType <init>
WARNING: testing WARNING log level message output
May 10, 2022 7:32:29 PM HCBplugins.jira.customfields.MultiSelect2CFType <init>
INFO: starting MultiSelect2 instance construction
May 10, 2022 7:32:29 PM HCBplugins.jira.customfields.MultiSelect2CFType <init>
INFO: closing logger's CfAuiSelect2Logger handlers
May 10, 2022 7:32:37 PM HCBplugins.jira.customfields.LoggerUtils initializeLogger
INFO: logger fileHandler creation success
May 10, 2022 7:32:37 PM HCBplugins.jira.customfields.LoggerUtils initializeLogger
INFO: started log....
May 10, 2022 7:32:37 PM HCBplugins.jira.customfields.MultiSelect2CFType <init>
WARNING: testing WARNING log level message output
May 10, 2022 7:32:38 PM HCBplugins.jira.customfields.MultiSelect2CFType <init>
INFO: starting MultiSelect2 instance construction
May 10, 2022 7:32:38 PM HCBplugins.jira.customfields.MultiSelect2CFType <init>
INFO: closing logger's CfAuiSelect2Logger handlers
May 10, 2022 7:35:39 PM HCBplugins.jira.customfields.LoggerUtils initializeLogger
INFO: logger fileHandler creation success
May 10, 2022 7:35:39 PM HCBplugins.jira.customfields.LoggerUtils initializeLogger
INFO: started log....
May 10, 2022 7:35:39 PM HCBplugins.jira.customfields.MultiSelect2CFType <init>
WARNING: testing WARNING log level message output
May 10, 2022 7:35:39 PM HCBplugins.jira.customfields.MultiSelect2CFType <init>
INFO: starting MultiSelect2 instance construction
May 10, 2022 7:35:39 PM HCBplugins.jira.customfields.MultiSelect2CFType <init>
INFO: closing logger's CfAuiSelect2Logger handlers
May 10, 2022 7:37:43 PM HCBplugins.jira.customfields.LoggerUtils initializeLogger
INFO: logger fileHandler creation success
May 10, 2022 7:37:43 PM HCBplugins.jira.customfields.LoggerUtils initializeLogger
INFO: started log....
May 10, 2022 7:37:43 PM HCBplugins.jira.customfields.MultiSelect2CFType <init>
WARNING: testing WARNING log level message output
May 10, 2022 7:37:43 PM HCBplugins.jira.customfields.MultiSelect2CFType <init>
INFO: starting MultiSelect2 instance construction
May 10, 2022 7:37:44 PM HCBplugins.jira.customfields.MultiSelect2CFType <init>
INFO: closing logger's CfAuiSelect2Logger handlers
May 10, 2022 7:56:46 PM HCBplugins.jira.customfields.LoggerUtils initializeLogger
INFO: logger fileHandler creation success
May 10, 2022 7:56:46 PM HCBplugins.jira.customfields.LoggerUtils initializeLogger
INFO: started log....
May 10, 2022 7:56:46 PM HCBplugins.jira.customfields.MultiSelect2CFType <init>
INFO: MultiSelect2 instance construction
May 10, 2022 7:56:46 PM HCBplugins.jira.customfields.MultiSelect2CFType <init>
INFO: closing logger's CfAuiSelect2Logger handlers
May 10, 2022 7:57:14 PM HCBplugins.jira.customfields.LoggerUtils initializeLogger
INFO: logger fileHandler creation success
May 10, 2022 7:57:14 PM HCBplugins.jira.customfields.LoggerUtils initializeLogger
INFO: started log....
May 10, 2022 7:57:14 PM HCBplugins.jira.customfields.MultiSelect2CFType <init>
INFO: MultiSelect2 instance construction
May 10, 2022 7:57:15 PM HCBplugins.jira.customfields.MultiSelect2CFType <init>
INFO: closing logger's CfAuiSelect2Logger handlers
May 11, 2022 7:56:51 PM HCBplugins.jira.customfields.LoggerUtils initializeLogger
INFO: logger fileHandler creation success
May 11, 2022 7:56:51 PM HCBplugins.jira.customfields.LoggerUtils initializeLogger
INFO: started log....
May 11, 2022 7:56:51 PM HCBplugins.jira.customfields.MultiSelect2CFType <init>
INFO: MultiSelect2 instance construction
May 11, 2022 7:56:51 PM HCBplugins.jira.customfields.MultiSelect2CFType <init>
INFO: closing logger's CfAuiSelect2Logger handlers
May 11, 2022 7:58:20 PM HCBplugins.jira.customfields.LoggerUtils initializeLogger
INFO: logger fileHandler creation success
May 11, 2022 7:58:20 PM HCBplugins.jira.customfields.LoggerUtils initializeLogger
INFO: started log....
May 11, 2022 7:58:20 PM HCBplugins.jira.customfields.MultiSelect2CFType <init>
INFO: MultiSelect2 instance construction
May 11, 2022 7:58:20 PM HCBplugins.jira.customfields.MultiSelect2CFType <init>
INFO: closing logger's CfAuiSelect2Logger handlers
May 11, 2022 8:16:47 PM HCBplugins.jira.customfields.LoggerUtils initializeLogger
INFO: logger fileHandler creation success
May 11, 2022 8:16:47 PM HCBplugins.jira.customfields.LoggerUtils initializeLogger
INFO: started log....
May 11, 2022 8:16:47 PM HCBplugins.jira.customfields.MultiSelect2CFType <init>
INFO: MultiSelect2 instance construction
May 11, 2022 8:16:47 PM HCBplugins.jira.customfields.MultiSelect2CFType <init>
INFO: closing logger's CfAuiSelect2Logger handlers
May 11, 2022 8:20:17 PM HCBplugins.jira.customfields.LoggerUtils initializeLogger
INFO: logger fileHandler creation success
May 11, 2022 8:20:17 PM HCBplugins.jira.customfields.LoggerUtils initializeLogger
INFO: started log....
May 11, 2022 8:20:17 PM HCBplugins.jira.customfields.MultiSelect2CFType <init>
INFO: MultiSelect2 instance construction
May 11, 2022 8:20:17 PM HCBplugins.jira.customfields.MultiSelect2CFType <init>
INFO: closing logger's CfAuiSelect2Logger handlers
May 11, 2022 8:32:38 PM HCBplugins.jira.customfields.LoggerUtils initializeLogger
INFO: logger fileHandler creation success
May 11, 2022 8:32:38 PM HCBplugins.jira.customfields.LoggerUtils initializeLogger
INFO: started log....
May 11, 2022 8:32:38 PM HCBplugins.jira.customfields.MultiSelect2CFType <init>
INFO: MultiSelect2 instance construction
May 11, 2022 8:32:38 PM HCBplugins.jira.customfields.MultiSelect2CFType <init>
INFO: closing logger's CfAuiSelect2Logger handlers
May 11, 2022 8:33:03 PM HCBplugins.jira.customfields.LoggerUtils initializeLogger
INFO: logger fileHandler creation success
May 11, 2022 8:33:03 PM HCBplugins.jira.customfields.LoggerUtils initializeLogger
INFO: started log....
May 11, 2022 8:33:03 PM HCBplugins.jira.customfields.MultiSelect2CFType <init>
INFO: MultiSelect2 instance construction
May 11, 2022 8:33:03 PM HCBplugins.jira.customfields.MultiSelect2CFType <init>
INFO: closing logger's CfAuiSelect2Logger handlers
May 11, 2022 8:38:42 PM HCBplugins.jira.customfields.LoggerUtils initializeLogger
INFO: logger fileHandler creation success
May 11, 2022 8:38:42 PM HCBplugins.jira.customfields.LoggerUtils initializeLogger
INFO: started log....
May 11, 2022 8:38:42 PM HCBplugins.jira.customfields.MultiSelect2CFType <init>
INFO: MultiSelect2 instance construction
May 11, 2022 8:38:42 PM HCBplugins.jira.customfields.MultiSelect2CFType <init>
INFO: closing logger's CfAuiSelect2Logger handlers
May 11, 2022 8:39:13 PM HCBplugins.jira.customfields.LoggerUtils initializeLogger
INFO: logger fileHandler creation success
May 11, 2022 8:39:13 PM HCBplugins.jira.customfields.LoggerUtils initializeLogger
INFO: started log....
May 11, 2022 8:39:13 PM HCBplugins.jira.customfields.MultiSelect2CFType <init>
INFO: MultiSelect2 instance construction
May 11, 2022 8:39:13 PM HCBplugins.jira.customfields.MultiSelect2CFType <init>
INFO: closing logger's CfAuiSelect2Logger handlers
May 11, 2022 8:42:40 PM HCBplugins.jira.customfields.LoggerUtils initializeLogger
INFO: logger fileHandler creation success
May 11, 2022 8:42:40 PM HCBplugins.jira.customfields.LoggerUtils initializeLogger
INFO: started log....
May 11, 2022 8:42:40 PM HCBplugins.jira.customfields.LoggerUtils initializeLogger
INFO: handler used null class java.util.logging.ConsoleHandler
May 11, 2022 8:42:40 PM HCBplugins.jira.customfields.LoggerUtils initializeLogger
INFO: handler used null class java.util.logging.FileHandler
May 11, 2022 8:42:40 PM HCBplugins.jira.customfields.MultiSelect2CFType <init>
INFO: MultiSelect2 instance construction
May 11, 2022 8:42:40 PM HCBplugins.jira.customfields.MultiSelect2CFType <init>
INFO: closing logger's CfAuiSelect2Logger handlers
May 11, 2022 8:42:56 PM HCBplugins.jira.customfields.LoggerUtils initializeLogger
INFO: logger fileHandler creation success
May 11, 2022 8:42:57 PM HCBplugins.jira.customfields.LoggerUtils initializeLogger
INFO: started log....
May 11, 2022 8:42:57 PM HCBplugins.jira.customfields.LoggerUtils initializeLogger
INFO: handler used null class java.util.logging.ConsoleHandler
May 11, 2022 8:42:57 PM HCBplugins.jira.customfields.LoggerUtils initializeLogger
INFO: handler used null class java.util.logging.FileHandler
May 11, 2022 8:42:57 PM HCBplugins.jira.customfields.LoggerUtils initializeLogger
INFO: handler used null class java.util.logging.ConsoleHandler
May 11, 2022 8:42:57 PM HCBplugins.jira.customfields.LoggerUtils initializeLogger
INFO: handler used null class java.util.logging.FileHandler
May 11, 2022 8:42:57 PM HCBplugins.jira.customfields.LoggerUtils initializeLogger
INFO: handler used null class java.util.logging.ConsoleHandler
May 11, 2022 8:42:57 PM HCBplugins.jira.customfields.LoggerUtils initializeLogger
INFO: handler used null class java.util.logging.FileHandler
May 11, 2022 8:42:57 PM HCBplugins.jira.customfields.LoggerUtils initializeLogger
INFO: handler used null class java.util.logging.ConsoleHandler
May 11, 2022 8:42:57 PM HCBplugins.jira.customfields.LoggerUtils initializeLogger
INFO: handler used null class java.util.logging.FileHandler
May 11, 2022 8:42:58 PM HCBplugins.jira.customfields.LoggerUtils initializeLogger
INFO: handler used null class java.util.logging.ConsoleHandler
May 11, 2022 8:42:58 PM HCBplugins.jira.customfields.LoggerUtils initializeLogger
INFO: handler used null class java.util.logging.FileHandler
May 11, 2022 8:42:58 PM HCBplugins.jira.customfields.MultiSelect2CFType <init>
INFO: MultiSelect2 instance construction
May 11, 2022 8:42:59 PM HCBplugins.jira.customfields.MultiSelect2CFType <init>
INFO: closing logger's CfAuiSelect2Logger handlers
May 11, 2022 8:47:29 PM HCBplugins.jira.customfields.LoggerUtils initializeLogger
INFO: logger fileHandler creation success
May 11, 2022 8:47:29 PM HCBplugins.jira.customfields.LoggerUtils initializeLogger
INFO: started log....
May 11, 2022 8:47:29 PM HCBplugins.jira.customfields.LoggerUtils initializeLogger
INFO: handler used class java.util.logging.ConsoleHandler
May 11, 2022 8:47:29 PM HCBplugins.jira.customfields.LoggerUtils initializeLogger
INFO: handler used class java.util.logging.FileHandler
May 11, 2022 8:47:29 PM HCBplugins.jira.customfields.MultiSelect2CFType <init>
INFO: MultiSelect2 instance construction
May 11, 2022 8:47:29 PM HCBplugins.jira.customfields.MultiSelect2CFType <init>
INFO: closing logger's CfAuiSelect2Logger handlers
May 15, 2022 5:00:37 PM HCBplugins.jira.customfields.LoggerUtils initializeLogger
INFO: logger fileHandler creation success
May 15, 2022 5:00:37 PM HCBplugins.jira.customfields.LoggerUtils initializeLogger
INFO: started log....
May 15, 2022 5:00:37 PM HCBplugins.jira.customfields.LoggerUtils initializeLogger
INFO: handler used class java.util.logging.ConsoleHandler
May 15, 2022 5:00:37 PM HCBplugins.jira.customfields.LoggerUtils initializeLogger
INFO: handler used class java.util.logging.FileHandler
May 15, 2022 5:00:37 PM HCBplugins.jira.customfields.MultiSelect2CFType <init>
INFO: MultiSelect2 instance construction
May 15, 2022 5:00:37 PM HCBplugins.jira.customfields.MultiSelect2CFType <init>
INFO: closing logger's CfAuiSelect2Logger handlers
May 15, 2022 5:03:27 PM HCBplugins.jira.customfields.LoggerUtils initializeLogger
INFO: logger fileHandler creation success
May 15, 2022 5:03:27 PM HCBplugins.jira.customfields.LoggerUtils initializeLogger
INFO: started log....
May 15, 2022 5:03:27 PM HCBplugins.jira.customfields.LoggerUtils initializeLogger
INFO: handler used class java.util.logging.ConsoleHandler
May 15, 2022 5:03:27 PM HCBplugins.jira.customfields.LoggerUtils initializeLogger
INFO: handler used class java.util.logging.FileHandler
May 15, 2022 5:03:27 PM HCBplugins.jira.customfields.MultiSelect2CFType <init>
INFO: MultiSelect2 instance construction
May 15, 2022 5:03:27 PM HCBplugins.jira.customfields.MultiSelect2CFType <init>
INFO: closing logger's CfAuiSelect2Logger handlers
May 16, 2022 8:52:47 AM HCBplugins.jira.customfields.LoggerUtils initializeLogger
INFO: logger fileHandler creation success
May 16, 2022 8:52:47 AM HCBplugins.jira.customfields.LoggerUtils initializeLogger
INFO: started log....
May 16, 2022 8:52:47 AM HCBplugins.jira.customfields.LoggerUtils initializeLogger
INFO: handler used class java.util.logging.ConsoleHandler
May 16, 2022 8:52:47 AM HCBplugins.jira.customfields.LoggerUtils initializeLogger
INFO: handler used class java.util.logging.FileHandler
May 16, 2022 8:52:47 AM HCBplugins.jira.customfields.MultiSelect2CFType <init>
INFO: MultiSelect2 instance construction
May 16, 2022 8:52:47 AM HCBplugins.jira.customfields.MultiSelect2CFType <init>
INFO: closing logger's CfAuiSelect2Logger handlers
May 16, 2022 8:54:10 AM HCBplugins.jira.customfields.LoggerUtils initializeLogger
INFO: logger fileHandler creation success
May 16, 2022 8:54:10 AM HCBplugins.jira.customfields.LoggerUtils initializeLogger
INFO: started log....
May 16, 2022 8:54:10 AM HCBplugins.jira.customfields.LoggerUtils initializeLogger
INFO: handler used class java.util.logging.ConsoleHandler
May 16, 2022 8:54:10 AM HCBplugins.jira.customfields.LoggerUtils initializeLogger
INFO: handler used class java.util.logging.FileHandler
May 16, 2022 8:54:10 AM HCBplugins.jira.customfields.MultiSelect2CFType <init>
INFO: MultiSelect2 instance construction
May 16, 2022 8:54:10 AM HCBplugins.jira.customfields.MultiSelect2CFType <init>
INFO: closing logger's CfAuiSelect2Logger handlers
May 17, 2022 7:48:43 PM HCBplugins.jira.customfields.LoggerUtils initializeLogger
INFO: logger fileHandler creation success
May 17, 2022 7:48:43 PM HCBplugins.jira.customfields.LoggerUtils initializeLogger
INFO: started log....
May 17, 2022 7:48:43 PM HCBplugins.jira.customfields.LoggerUtils initializeLogger
INFO: handler used class java.util.logging.ConsoleHandler
May 17, 2022 7:48:43 PM HCBplugins.jira.customfields.LoggerUtils initializeLogger
INFO: handler used class java.util.logging.FileHandler
May 17, 2022 7:48:43 PM HCBplugins.jira.customfields.MultiSelect2CFType <init>
INFO: MultiSelect2 instance construction
May 17, 2022 7:48:43 PM HCBplugins.jira.customfields.MultiSelect2CFType <init>
INFO: closing logger's CfAuiSelect2Logger handlers
May 17, 2022 7:49:52 PM HCBplugins.jira.customfields.LoggerUtils initializeLogger
INFO: logger fileHandler creation success
May 17, 2022 7:49:52 PM HCBplugins.jira.customfields.LoggerUtils initializeLogger
INFO: started log....
May 17, 2022 7:49:52 PM HCBplugins.jira.customfields.LoggerUtils initializeLogger
INFO: handler used class java.util.logging.ConsoleHandler
May 17, 2022 7:49:52 PM HCBplugins.jira.customfields.LoggerUtils initializeLogger
INFO: handler used class java.util.logging.FileHandler
May 17, 2022 7:49:52 PM HCBplugins.jira.customfields.MultiSelect2CFType <init>
INFO: MultiSelect2 instance construction
May 17, 2022 7:49:52 PM HCBplugins.jira.customfields.MultiSelect2CFType <init>
INFO: closing logger's CfAuiSelect2Logger handlers
May 17, 2022 8:17:16 PM HCBplugins.jira.customfields.LoggerUtils initializeLogger
INFO: logger fileHandler creation success
May 17, 2022 8:17:16 PM HCBplugins.jira.customfields.LoggerUtils initializeLogger
INFO: started log....
May 17, 2022 8:17:16 PM HCBplugins.jira.customfields.LoggerUtils initializeLogger
INFO: handler used class java.util.logging.ConsoleHandler
May 17, 2022 8:17:16 PM HCBplugins.jira.customfields.LoggerUtils initializeLogger
INFO: handler used class java.util.logging.FileHandler
May 17, 2022 8:17:16 PM HCBplugins.jira.customfields.MultiSelect2CFType <init>
INFO: MultiSelect2 instance construction
May 17, 2022 8:17:16 PM HCBplugins.jira.customfields.MultiSelect2CFType <init>
INFO: closing logger's CfAuiSelect2Logger handlers
May 17, 2022 8:17:47 PM HCBplugins.jira.customfields.LoggerUtils initializeLogger
INFO: logger fileHandler creation success
May 17, 2022 8:17:47 PM HCBplugins.jira.customfields.LoggerUtils initializeLogger
INFO: started log....
May 17, 2022 8:17:47 PM HCBplugins.jira.customfields.LoggerUtils initializeLogger
INFO: handler used class java.util.logging.ConsoleHandler
May 17, 2022 8:17:47 PM HCBplugins.jira.customfields.LoggerUtils initializeLogger
INFO: handler used class java.util.logging.FileHandler
May 17, 2022 8:17:47 PM HCBplugins.jira.customfields.MultiSelect2CFType <init>
INFO: MultiSelect2 instance construction
May 17, 2022 8:17:47 PM HCBplugins.jira.customfields.MultiSelect2CFType <init>
INFO: closing logger's CfAuiSelect2Logger handlers
May 17, 2022 8:20:21 PM HCBplugins.jira.customfields.LoggerUtils initializeLogger
INFO: logger fileHandler creation success
May 17, 2022 8:20:21 PM HCBplugins.jira.customfields.LoggerUtils initializeLogger
INFO: started log....
May 17, 2022 8:20:21 PM HCBplugins.jira.customfields.LoggerUtils initializeLogger
INFO: handler used class java.util.logging.ConsoleHandler
May 17, 2022 8:20:21 PM HCBplugins.jira.customfields.LoggerUtils initializeLogger
INFO: handler used class java.util.logging.FileHandler
May 17, 2022 8:20:21 PM HCBplugins.jira.customfields.MultiSelect2CFType <init>
INFO: MultiSelect2 instance construction
May 17, 2022 8:20:21 PM HCBplugins.jira.customfields.MultiSelect2CFType <init>
INFO: closing logger's CfAuiSelect2Logger handlers
May 17, 2022 8:21:38 PM HCBplugins.jira.customfields.LoggerUtils initializeLogger
INFO: logger fileHandler creation success
May 17, 2022 8:21:38 PM HCBplugins.jira.customfields.LoggerUtils initializeLogger
INFO: started log....
May 17, 2022 8:21:38 PM HCBplugins.jira.customfields.LoggerUtils initializeLogger
INFO: handler used class java.util.logging.ConsoleHandler
May 17, 2022 8:21:38 PM HCBplugins.jira.customfields.LoggerUtils initializeLogger
INFO: handler used class java.util.logging.FileHandler
May 17, 2022 8:21:38 PM HCBplugins.jira.customfields.MultiSelect2CFType <init>
INFO: MultiSelect2 instance construction
May 17, 2022 8:21:38 PM HCBplugins.jira.customfields.MultiSelect2CFType <init>
INFO: closing logger's CfAuiSelect2Logger handlers
May 17, 2022 8:28:59 PM HCBplugins.jira.customfields.LoggerUtils initializeLogger
INFO: logger fileHandler creation success
May 17, 2022 8:28:59 PM HCBplugins.jira.customfields.LoggerUtils initializeLogger
INFO: started log....
May 17, 2022 8:28:59 PM HCBplugins.jira.customfields.LoggerUtils initializeLogger
INFO: handler used class java.util.logging.ConsoleHandler
May 17, 2022 8:28:59 PM HCBplugins.jira.customfields.LoggerUtils initializeLogger
INFO: handler used class java.util.logging.FileHandler
May 17, 2022 8:28:59 PM HCBplugins.jira.customfields.MultiSelect2CFType <init>
INFO: MultiSelect2 instance construction
May 17, 2022 8:28:59 PM HCBplugins.jira.customfields.MultiSelect2CFType <init>
INFO: closing logger's CfAuiSelect2Logger handlers
May 17, 2022 8:33:03 PM HCBplugins.jira.customfields.LoggerUtils initializeLogger
INFO: logger fileHandler creation success
May 17, 2022 8:33:03 PM HCBplugins.jira.customfields.LoggerUtils initializeLogger
INFO: started log....
May 17, 2022 8:33:03 PM HCBplugins.jira.customfields.LoggerUtils initializeLogger
INFO: handler used class java.util.logging.ConsoleHandler
May 17, 2022 8:33:03 PM HCBplugins.jira.customfields.LoggerUtils initializeLogger
INFO: handler used class java.util.logging.FileHandler
May 17, 2022 8:33:03 PM HCBplugins.jira.customfields.MultiSelect2CFType <init>
INFO: MultiSelect2 instance construction
May 17, 2022 8:33:03 PM HCBplugins.jira.customfields.MultiSelect2CFType <init>
INFO: closing logger's CfAuiSelect2Logger handlers
May 17, 2022 8:37:13 PM HCBplugins.jira.customfields.LoggerUtils initializeLogger
INFO: logger fileHandler creation success
May 17, 2022 8:37:13 PM HCBplugins.jira.customfields.LoggerUtils initializeLogger
INFO: started log....
May 17, 2022 8:37:13 PM HCBplugins.jira.customfields.LoggerUtils initializeLogger
INFO: handler used class java.util.logging.ConsoleHandler
May 17, 2022 8:37:13 PM HCBplugins.jira.customfields.LoggerUtils initializeLogger
INFO: handler used class java.util.logging.FileHandler
May 17, 2022 8:37:13 PM HCBplugins.jira.customfields.MultiSelect2CFType <init>
INFO: MultiSelect2 instance construction
May 17, 2022 8:37:13 PM HCBplugins.jira.customfields.MultiSelect2CFType <init>
INFO: closing logger's CfAuiSelect2Logger handlers
May 17, 2022 8:38:39 PM HCBplugins.jira.customfields.LoggerUtils initializeLogger
INFO: logger fileHandler creation success
May 17, 2022 8:38:39 PM HCBplugins.jira.customfields.LoggerUtils initializeLogger
INFO: started log....
May 17, 2022 8:38:39 PM HCBplugins.jira.customfields.LoggerUtils initializeLogger
INFO: handler used class java.util.logging.ConsoleHandler
May 17, 2022 8:38:39 PM HCBplugins.jira.customfields.LoggerUtils initializeLogger
INFO: handler used class java.util.logging.FileHandler
May 17, 2022 8:38:39 PM HCBplugins.jira.customfields.MultiSelect2CFType <init>
INFO: MultiSelect2 instance construction
May 17, 2022 8:38:39 PM HCBplugins.jira.customfields.MultiSelect2CFType <init>
INFO: closing logger's CfAuiSelect2Logger handlers
May 17, 2022 8:45:45 PM HCBplugins.jira.customfields.LoggerUtils initializeLogger
INFO: logger fileHandler creation success
May 17, 2022 8:45:45 PM HCBplugins.jira.customfields.LoggerUtils initializeLogger
INFO: started log....
May 17, 2022 8:45:45 PM HCBplugins.jira.customfields.LoggerUtils initializeLogger
INFO: handler used class java.util.logging.ConsoleHandler
May 17, 2022 8:45:45 PM HCBplugins.jira.customfields.LoggerUtils initializeLogger
INFO: handler used class java.util.logging.FileHandler
May 17, 2022 8:45:45 PM HCBplugins.jira.customfields.MultiSelect2CFType <init>
INFO: MultiSelect2 instance construction
May 17, 2022 8:45:45 PM HCBplugins.jira.customfields.MultiSelect2CFType <init>
INFO: closing logger's CfAuiSelect2Logger handlers
May 17, 2022 8:45:57 PM HCBplugins.jira.customfields.LoggerUtils initializeLogger
INFO: logger fileHandler creation success
May 17, 2022 8:45:57 PM HCBplugins.jira.customfields.LoggerUtils initializeLogger
INFO: started log....
May 17, 2022 8:45:57 PM HCBplugins.jira.customfields.LoggerUtils initializeLogger
INFO: handler used class java.util.logging.ConsoleHandler
May 17, 2022 8:45:57 PM HCBplugins.jira.customfields.LoggerUtils initializeLogger
INFO: handler used class java.util.logging.FileHandler
May 17, 2022 8:45:57 PM HCBplugins.jira.customfields.MultiSelect2CFType <init>
INFO: MultiSelect2 instance construction
May 17, 2022 8:45:57 PM HCBplugins.jira.customfields.MultiSelect2CFType <init>
INFO: closing logger's CfAuiSelect2Logger handlers
May 17, 2022 9:07:11 PM HCBplugins.jira.customfields.LoggerUtils initializeLogger
INFO: logger fileHandler creation success
May 17, 2022 9:07:11 PM HCBplugins.jira.customfields.LoggerUtils initializeLogger
INFO: started log....
May 17, 2022 9:07:11 PM HCBplugins.jira.customfields.LoggerUtils initializeLogger
INFO: handler used class java.util.logging.ConsoleHandler
May 17, 2022 9:07:11 PM HCBplugins.jira.customfields.LoggerUtils initializeLogger
INFO: handler used class java.util.logging.FileHandler
May 17, 2022 9:07:11 PM HCBplugins.jira.customfields.MultiSelect2CFType <init>
INFO: MultiSelect2 instance construction
May 17, 2022 9:07:11 PM HCBplugins.jira.customfields.MultiSelect2CFType <init>
INFO: closing logger's CfAuiSelect2Logger handlers
May 17, 2022 9:07:56 PM HCBplugins.jira.customfields.LoggerUtils initializeLogger
INFO: logger fileHandler creation success
May 17, 2022 9:07:56 PM HCBplugins.jira.customfields.LoggerUtils initializeLogger
INFO: started log....
May 17, 2022 9:07:56 PM HCBplugins.jira.customfields.LoggerUtils initializeLogger
INFO: handler used class java.util.logging.ConsoleHandler
May 17, 2022 9:07:56 PM HCBplugins.jira.customfields.LoggerUtils initializeLogger
INFO: handler used class java.util.logging.FileHandler
May 17, 2022 9:07:56 PM HCBplugins.jira.customfields.MultiSelect2CFType <init>
INFO: MultiSelect2 instance construction
May 17, 2022 9:07:56 PM HCBplugins.jira.customfields.MultiSelect2CFType <init>
INFO: closing logger's CfAuiSelect2Logger handlers
May 17, 2022 9:10:50 PM HCBplugins.jira.customfields.LoggerUtils initializeLogger
INFO: logger fileHandler creation success
May 17, 2022 9:10:50 PM HCBplugins.jira.customfields.LoggerUtils initializeLogger
INFO: started log....
May 17, 2022 9:10:50 PM HCBplugins.jira.customfields.LoggerUtils initializeLogger
INFO: handler used class java.util.logging.ConsoleHandler
May 17, 2022 9:10:50 PM HCBplugins.jira.customfields.LoggerUtils initializeLogger
INFO: handler used class java.util.logging.FileHandler
May 17, 2022 9:10:50 PM HCBplugins.jira.customfields.MultiSelect2CFType <init>
INFO: MultiSelect2 instance construction
May 17, 2022 9:10:50 PM HCBplugins.jira.customfields.MultiSelect2CFType <init>
INFO: closing logger's CfAuiSelect2Logger handlers
May 17, 2022 9:10:56 PM HCBplugins.jira.customfields.LoggerUtils initializeLogger
INFO: logger fileHandler creation success
May 17, 2022 9:10:56 PM HCBplugins.jira.customfields.LoggerUtils initializeLogger
INFO: started log....
May 17, 2022 9:10:56 PM HCBplugins.jira.customfields.LoggerUtils initializeLogger
INFO: handler used class java.util.logging.ConsoleHandler
May 17, 2022 9:10:56 PM HCBplugins.jira.customfields.LoggerUtils initializeLogger
INFO: handler used class java.util.logging.FileHandler
May 17, 2022 9:10:56 PM HCBplugins.jira.customfields.MultiSelect2CFType <init>
INFO: MultiSelect2 instance construction
May 17, 2022 9:10:56 PM HCBplugins.jira.customfields.MultiSelect2CFType <init>
INFO: closing logger's CfAuiSelect2Logger handlers
